* d04902a : final release
*   eb063c3 : Merge pull request #3 from LukeBonner/master
|\  
| *   947ec9b : Merge pull request #2 from LukeBonner/danno3321-patch-1
| |\  
| |/  
|/|   
* | a40fb37 : Add files via upload
|/  
* 22ecba3 : updated GUI space
* 8682e3e : updated GUI space
* 128c033 : updated GUI space
*   1bb8c73 : Merge remote-tracking branch 'origin/master'
|\  
| * ef84b6c : Implementation of matching algorithm with gui, gui improvements, cleaned print statments/creation of demo method in Hub, addition of Matches tab
| * 15e5c86 : Phase one of testing: coverage on MatcherSeeker, MatcherEmployer, and Hub
* | fbc723c : Merge branch 'master' of C:\Users\skier\IdeaProjects\employeeMatcher with conflicts.
|/  
* 58b713e : added image
* e59761b : gui/hub integration
* 3ae4b6d : updated GUI space
* 8285625 : Algorithm ready for use by the gui
* 2187757 : updated GUI space
*   8d2ad88 : Merge branch 'master' of https://github.com/LukeBonner/CIS350employeeMatcher
|\  
| * cb8b51d : Delete employeeMatcherPanel.java
| * 46c4089 : Delete employerList.java
| * 268071d : Delete employerNode.java
| * b36bf4b : Delete matcherSeeker.java
| * 3d78a72 : Delete seekerList.java
| * bb363fb : Delete seekerNode.java
| * d188861 : Delete employeeMatcherUser.java
| * 02d49c6 : Delete employeeMatcher.iml
| * afae3dc : Delete employeeMatcherCompany.java
| * b72387a : Delete employeeMatcherGUI.java
| * 152e3a0 : Delete employeeMatcherBrain.java
| * 7180976 : Delete matcherEmployer.java
| * 7a20b23 : Delete SeekerNode.java
| * d9927a6 : Delete SeekerList.java
| * 9632116 : Delete EmployerNode.java
| * 5ee0943 : Delete EmployerList.java
* | 481629e : GUI update and zack stuff
|/  
*   5556c6b : Merge remote-tracking branch 'origin/master'
|\  
| * 8bcd00e : Update README.md
* | b711879 : updated GUI space
|/  
* 2ade7d3 : 11-4
* dc318eb : 11-4
* 4f60734 : 11-4 change, added skeleton for matching algorithm and getters/setters to be used by ui
*   c608102 : Merge pull request #1 from LukeBonner/releaseone
|\  
| * 9b039e3 : Delete employeeMatcherCompany.java
| * ef06eaa : Delete employeeMatcherGUI.java
| * a65b06a : Delete employeeMatcherPanel.java
| * 9c26eee : Delete employeeMatcherUser.java
| * 159f52a : Delete employerList.java
| * 5f44f30 : Delete employerNode.java
| * c848c17 : Delete matcherEmployer.java
| * 7714491 : Delete matcherSeeker.java
| * 1ec83ce : Delete seekerList.java
| * 1528ff8 : Delete seekerNode.java
| * e027f52 : Add files via upload
* | f225795 : Add files via upload
|/  
* e0aa9bd : zack release 1 commit
* cf74989 : updated GUI space
* ed90d00 : updated GUI space
* 777011e : actionlistener added
*   e8ee4d0 : Merge branch 'master' of https://github.com/LukeBonner/CIS350employeeMatcher
|\  
| * a18a04b : Update README.md
* | 3bfe849 : GUI skeleton commit
|/  
* 581c720 : initial code commit
* 5cadb60 :  initial commit